INFO  | 2015-03-16 13:37:16 | [main] Setup (RD_Automation.java:278) - New driver instantiated
INFO  | 2015-03-16 13:37:17 | [main] Setup (RD_Automation.java:288) - Product configuration initiating
ERROR | 2015-03-16 13:37:41 | [main] Setup (RD_Automation.java:337) - Next button element not found
INFO  | 2015-03-23 15:25:48 | [main] EDM (RD_Automation.java:519) - Matter creation started
INFO  | 2015-03-23 15:30:19 | [main] EDM (RD_Automation.java:519) - Matter creation started
INFO  | 2015-03-30 11:52:48 | [main] EDM (RD_Automation.java:519) - Matter creation started
INFO  | 2015-04-06 13:20:34 | [main] EDM (RD_Automation.java:519) - Matter creation started
INFO  | 2015-04-06 14:50:57 | [main] Setup (RD_Automation.java:277) - New driver instantiated
ERROR | 2015-04-06 14:51:10 | [main] Setup (RD_Automation.java:284) - No 'Next' button element found
INFO  | 2015-04-06 14:57:41 | [main] Setup (RD_Automation.java:277) - New driver instantiated
ERROR | 2015-04-06 14:58:42 | [main] Setup (RD_Automation.java:284) - No 'Next' button element found
INFO  | 2015-04-06 15:04:25 | [main] Setup (RD_Automation.java:277) - New driver instantiated
ERROR | 2015-04-06 15:04:30 | [main] Setup (RD_Automation.java:284) - No 'Next' button element found
INFO  | 2015-04-06 15:11:06 | [main] Setup (RD_Automation.java:277) - New driver instantiated
ERROR | 2015-04-06 15:11:14 | [main] Setup (RD_Automation.java:284) - No 'Next' button element found
INFO  | 2015-04-07 15:21:14 | [main] EDM (RD_Automation.java:519) - Matter creation started
ERROR | 2015-04-07 15:22:22 | [main] EDM (RD_Automation.java:535) - category button element not found
ERROR | 2015-04-07 15:23:22 | [main] EDM (RD_Automation.java:545) - Company button element not found
ERROR | 2015-04-07 15:24:22 | [main] EDM (RD_Automation.java:558) - eDM name input element not found
ERROR | 2015-04-07 15:25:22 | [main] EDM (RD_Automation.java:566) - mySubmit button element not found
INFO  | 2015-04-07 15:38:32 | [main] EDM (RD_Automation.java:519) - Matter creation started
